2024-10-29T23:30:40.611+03:30  INFO 13976 --- [practice_isc] [SpringApplicationShutdownHook] j.LocalContainerEntityManagerFactoryBean : Closing JPA EntityManagerFactory for persistence unit 'default'
2024-10-29T23:30:40.618+03:30  INFO 13976 --- [practice_isc] [SpringApplicationShutdownHook] com.zaxxer.hikari.HikariDataSource       : HikariPool-1 - Shutdown initiated...
2024-10-29T23:30:40.632+03:30  INFO 13976 --- [practice_isc] [SpringApplicationShutdownHook] com.zaxxer.hikari.HikariDataSource       : HikariPool-1 - Shutdown completed.
2024-10-29T23:30:57.227+03:30 ERROR 8704 --- [practice_isc] [restartedMain] com.practice.service.AccountService         : Tue Oct 29 23:30:57 GMT+03:30 2024 کد ملی قبلا به ثبت رسیده است
2024-10-30T00:28:47.445+03:30  INFO 1748 --- [practice_isc] [restartedMain] com.practice.PracticeApplication         : Starting PracticeApplication using Java 17.0.11 with PID 1748 (F:\LearningSpring\practice_isc\target\classes started by meysam in F:\LearningSpring\practice_isc)
2024-10-30T00:28:47.449+03:30  INFO 1748 --- [practice_isc] [restartedMain] com.practice.PracticeApplication         : No active profile set, falling back to 1 default profile: "default"
2024-10-30T00:28:47.519+03:30  INFO 1748 --- [practice_isc] [restartedMain] .e.DevToolsPropertyDefaultsPostProcessor : Devtools property defaults active! Set 'spring.devtools.add-properties' to 'false' to disable
2024-10-30T00:28:47.519+03:30  INFO 1748 --- [practice_isc] [restartedMain] .e.DevToolsPropertyDefaultsPostProcessor : For additional web related logging consider setting the 'logging.level.web' property to 'DEBUG'
2024-10-30T00:28:48.591+03:30  INFO 1748 --- [practice_isc] [restartedMain] .s.d.r.c.RepositoryConfigurationDelegate : Bootstrapping Spring Data JPA repositories in DEFAULT mode.
2024-10-30T00:28:48.693+03:30  INFO 1748 --- [practice_isc] [restartedMain] .s.d.r.c.RepositoryConfigurationDelegate : Finished Spring Data repository scanning in 86 ms. Found 4 JPA repository interfaces.
2024-10-30T00:28:49.389+03:30  INFO 1748 --- [practice_isc] [restartedMain] o.s.b.w.embedded.tomcat.TomcatWebServer  : Tomcat initialized with port 8080 (http)
2024-10-30T00:28:49.403+03:30  INFO 1748 --- [practice_isc] [restartedMain] o.apache.catalina.core.StandardService   : Starting service [Tomcat]
2024-10-30T00:28:49.403+03:30  INFO 1748 --- [practice_isc] [restartedMain] o.apache.catalina.core.StandardEngine    : Starting Servlet engine: [Apache Tomcat/10.1.31]
2024-10-30T00:28:49.465+03:30  INFO 1748 --- [practice_isc] [restartedMain] o.a.c.c.C.[Tomcat].[localhost].[/]       : Initializing Spring embedded WebApplicationContext
2024-10-30T00:28:49.465+03:30  INFO 1748 --- [practice_isc] [restartedMain] w.s.c.ServletWebServerApplicationContext : Root WebApplicationContext: initialization completed in 1945 ms
2024-10-30T00:28:49.501+03:30  INFO 1748 --- [practice_isc] [restartedMain] com.zaxxer.hikari.HikariDataSource       : HikariPool-1 - Starting...
2024-10-30T00:28:49.575+03:30  INFO 1748 --- [practice_isc] [restartedMain] com.zaxxer.hikari.pool.HikariPool        : HikariPool-1 - Added connection conn0: url=jdbc:h2:tcp://localhost:9092/~/practice user=SA
2024-10-30T00:28:49.577+03:30  INFO 1748 --- [practice_isc] [restartedMain] com.zaxxer.hikari.HikariDataSource       : HikariPool-1 - Start completed.
2024-10-30T00:28:49.587+03:30  INFO 1748 --- [practice_isc] [restartedMain] o.s.b.a.h2.H2ConsoleAutoConfiguration    : H2 console available at '/h2-console'. Database available at 'jdbc:h2:tcp://localhost:9092/~/practice'
2024-10-30T00:28:49.745+03:30  INFO 1748 --- [practice_isc] [restartedMain] o.hibernate.jpa.internal.util.LogHelper  : HHH000204: Processing PersistenceUnitInfo [name: default]
2024-10-30T00:28:49.803+03:30  INFO 1748 --- [practice_isc] [restartedMain] org.hibernate.Version                    : HHH000412: Hibernate ORM core version 6.5.3.Final
2024-10-30T00:28:49.841+03:30  INFO 1748 --- [practice_isc] [restartedMain] o.h.c.internal.RegionFactoryInitiator    : HHH000026: Second-level cache disabled
2024-10-30T00:28:50.187+03:30  INFO 1748 --- [practice_isc] [restartedMain] o.s.o.j.p.SpringPersistenceUnitInfo      : No LoadTimeWeaver setup: ignoring JPA class transformer
2024-10-30T00:28:50.240+03:30  WARN 1748 --- [practice_isc] [restartedMain] org.hibernate.orm.deprecation            : HHH90000025: H2Dialect does not need to be specified explicitly using 'hibernate.dialect' (remove the property setting and it will be selected by default)
2024-10-30T00:28:51.420+03:30  INFO 1748 --- [practice_isc] [restartedMain] o.h.e.t.j.p.i.JtaPlatformInitiator       : HHH000489: No JTA platform available (set 'hibernate.transaction.jta.platform' to enable JTA platform integration)
2024-10-30T00:28:51.486+03:30  INFO 1748 --- [practice_isc] [restartedMain] j.LocalContainerEntityManagerFactoryBean : Initialized JPA EntityManagerFactory for persistence unit 'default'
2024-10-30T00:28:52.042+03:30  WARN 1748 --- [practice_isc] [restartedMain] JpaBaseConfiguration$JpaWebConfiguration : spring.jpa.open-in-view is enabled by default. Therefore, database queries may be performed during view rendering. Explicitly configure spring.jpa.open-in-view to disable this warning
2024-10-30T00:28:52.608+03:30  INFO 1748 --- [practice_isc] [restartedMain] o.s.b.d.a.OptionalLiveReloadServer       : LiveReload server is running on port 35729
2024-10-30T00:28:52.661+03:30  INFO 1748 --- [practice_isc] [restartedMain] o.s.b.w.embedded.tomcat.TomcatWebServer  : Tomcat started on port 8080 (http) with context path '/'
2024-10-30T00:28:52.685+03:30  INFO 1748 --- [practice_isc] [restartedMain] com.practice.PracticeApplication         : Started PracticeApplication in 5.892 seconds (process running for 6.981)
2024-10-30T00:28:55.459+03:30  INFO 1748 --- [practice_isc] [http-nio-8080-exec-1] o.a.c.c.C.[Tomcat].[localhost].[/]       : Initializing Spring DispatcherServlet 'dispatcherServlet'
2024-10-30T00:28:55.459+03:30  INFO 1748 --- [practice_isc] [http-nio-8080-exec-1] o.s.web.servlet.DispatcherServlet        : Initializing Servlet 'dispatcherServlet'
2024-10-30T00:28:55.460+03:30  INFO 1748 --- [practice_isc] [http-nio-8080-exec-1] o.s.web.servlet.DispatcherServlet        : Completed initialization in 1 ms
2024-10-30T00:28:55.737+03:30  WARN 1748 --- [practice_isc] [http-nio-8080-exec-1] .w.s.m.s.DefaultHandlerExceptionResolver : Ignoring exception, response committed already: org.springframework.http.converter.HttpMessageNotWritableException: Could not write JSON: Document nesting depth (1001) exceeds the maximum allowed (1000, from `StreamWriteConstraints.getMaxNestingDepth()`)
2024-10-30T00:28:55.738+03:30  WARN 1748 --- [practice_isc] [http-nio-8080-exec-1] .w.s.m.s.DefaultHandlerExceptionResolver : Resolved [org.springframework.http.converter.HttpMessageNotWritableException: Could not write JSON: Document nesting depth (1001) exceeds the maximum allowed (1000, from `StreamWriteConstraints.getMaxNestingDepth()`)]
2024-10-30T00:29:34.840+03:30  INFO 1748 --- [practice_isc] [SpringApplicationShutdownHook] j.LocalContainerEntityManagerFactoryBean : Closing JPA EntityManagerFactory for persistence unit 'default'
2024-10-30T00:29:34.844+03:30  INFO 1748 --- [practice_isc] [SpringApplicationShutdownHook] com.zaxxer.hikari.HikariDataSource       : HikariPool-1 - Shutdown initiated...
2024-10-30T00:29:34.853+03:30  INFO 1748 --- [practice_isc] [SpringApplicationShutdownHook] com.zaxxer.hikari.HikariDataSource       : HikariPool-1 - Shutdown completed.
2024-10-30T00:31:16.177+03:30  INFO 616 --- [practice_isc] [restartedMain] com.practice.PracticeApplication         : Starting PracticeApplication using Java 17.0.11 with PID 616 (F:\LearningSpring\practice_isc\target\classes started by meysam in F:\LearningSpring\practice_isc)
2024-10-30T00:31:16.181+03:30  INFO 616 --- [practice_isc] [restartedMain] com.practice.PracticeApplication         : No active profile set, falling back to 1 default profile: "default"
2024-10-30T00:31:16.246+03:30  INFO 616 --- [practice_isc] [restartedMain] .e.DevToolsPropertyDefaultsPostProcessor : Devtools property defaults active! Set 'spring.devtools.add-properties' to 'false' to disable
2024-10-30T00:31:16.247+03:30  INFO 616 --- [practice_isc] [restartedMain] .e.DevToolsPropertyDefaultsPostProcessor : For additional web related logging consider setting the 'logging.level.web' property to 'DEBUG'
2024-10-30T00:31:17.371+03:30  INFO 616 --- [practice_isc] [restartedMain] .s.d.r.c.RepositoryConfigurationDelegate : Bootstrapping Spring Data JPA repositories in DEFAULT mode.
2024-10-30T00:31:17.468+03:30  INFO 616 --- [practice_isc] [restartedMain] .s.d.r.c.RepositoryConfigurationDelegate : Finished Spring Data repository scanning in 83 ms. Found 4 JPA repository interfaces.
2024-10-30T00:31:18.299+03:30  INFO 616 --- [practice_isc] [restartedMain] o.s.b.w.embedded.tomcat.TomcatWebServer  : Tomcat initialized with port 8080 (http)
2024-10-30T00:31:18.314+03:30  INFO 616 --- [practice_isc] [restartedMain] o.apache.catalina.core.StandardService   : Starting service [Tomcat]
2024-10-30T00:31:18.314+03:30  INFO 616 --- [practice_isc] [restartedMain] o.apache.catalina.core.StandardEngine    : Starting Servlet engine: [Apache Tomcat/10.1.31]
2024-10-30T00:31:18.368+03:30  INFO 616 --- [practice_isc] [restartedMain] o.a.c.c.C.[Tomcat].[localhost].[/]       : Initializing Spring embedded WebApplicationContext
2024-10-30T00:31:18.368+03:30  INFO 616 --- [practice_isc] [restartedMain] w.s.c.ServletWebServerApplicationContext : Root WebApplicationContext: initialization completed in 2120 ms
2024-10-30T00:31:18.400+03:30  INFO 616 --- [practice_isc] [restartedMain] com.zaxxer.hikari.HikariDataSource       : HikariPool-1 - Starting...
2024-10-30T00:31:18.471+03:30  INFO 616 --- [practice_isc] [restartedMain] com.zaxxer.hikari.pool.HikariPool        : HikariPool-1 - Added connection conn0: url=jdbc:h2:tcp://localhost:9092/~/practice user=SA
2024-10-30T00:31:18.473+03:30  INFO 616 --- [practice_isc] [restartedMain] com.zaxxer.hikari.HikariDataSource       : HikariPool-1 - Start completed.
2024-10-30T00:31:18.483+03:30  INFO 616 --- [practice_isc] [restartedMain] o.s.b.a.h2.H2ConsoleAutoConfiguration    : H2 console available at '/h2-console'. Database available at 'jdbc:h2:tcp://localhost:9092/~/practice'
2024-10-30T00:31:18.644+03:30  INFO 616 --- [practice_isc] [restartedMain] o.hibernate.jpa.internal.util.LogHelper  : HHH000204: Processing PersistenceUnitInfo [name: default]
2024-10-30T00:31:18.702+03:30  INFO 616 --- [practice_isc] [restartedMain] org.hibernate.Version                    : HHH000412: Hibernate ORM core version 6.5.3.Final
2024-10-30T00:31:18.738+03:30  INFO 616 --- [practice_isc] [restartedMain] o.h.c.internal.RegionFactoryInitiator    : HHH000026: Second-level cache disabled
2024-10-30T00:31:19.201+03:30  INFO 616 --- [practice_isc] [restartedMain] o.s.o.j.p.SpringPersistenceUnitInfo      : No LoadTimeWeaver setup: ignoring JPA class transformer
2024-10-30T00:31:19.262+03:30  WARN 616 --- [practice_isc] [restartedMain] org.hibernate.orm.deprecation            : HHH90000025: H2Dialect does not need to be specified explicitly using 'hibernate.dialect' (remove the property setting and it will be selected by default)
2024-10-30T00:31:20.401+03:30  INFO 616 --- [practice_isc] [restartedMain] o.h.e.t.j.p.i.JtaPlatformInitiator       : HHH000489: No JTA platform available (set 'hibernate.transaction.jta.platform' to enable JTA platform integration)
2024-10-30T00:31:20.466+03:30  INFO 616 --- [practice_isc] [restartedMain] j.LocalContainerEntityManagerFactoryBean : Initialized JPA EntityManagerFactory for persistence unit 'default'
2024-10-30T00:31:20.959+03:30  WARN 616 --- [practice_isc] [restartedMain] JpaBaseConfiguration$JpaWebConfiguration : spring.jpa.open-in-view is enabled by default. Therefore, database queries may be performed during view rendering. Explicitly configure spring.jpa.open-in-view to disable this warning
2024-10-30T00:31:21.358+03:30  INFO 616 --- [practice_isc] [restartedMain] o.s.b.d.a.OptionalLiveReloadServer       : LiveReload server is running on port 35729
2024-10-30T00:31:21.412+03:30  INFO 616 --- [practice_isc] [restartedMain] o.s.b.w.embedded.tomcat.TomcatWebServer  : Tomcat started on port 8080 (http) with context path '/'
2024-10-30T00:31:21.426+03:30  INFO 616 --- [practice_isc] [restartedMain] com.practice.PracticeApplication         : Started PracticeApplication in 5.848 seconds (process running for 6.802)
2024-10-30T00:31:25.055+03:30  INFO 616 --- [practice_isc] [http-nio-8080-exec-1] o.a.c.c.C.[Tomcat].[localhost].[/]       : Initializing Spring DispatcherServlet 'dispatcherServlet'
2024-10-30T00:31:25.056+03:30  INFO 616 --- [practice_isc] [http-nio-8080-exec-1] o.s.web.servlet.DispatcherServlet        : Initializing Servlet 'dispatcherServlet'
2024-10-30T00:31:25.058+03:30  INFO 616 --- [practice_isc] [http-nio-8080-exec-1] o.s.web.servlet.DispatcherServlet        : Completed initialization in 2 ms
2024-10-30T00:31:25.365+03:30  WARN 616 --- [practice_isc] [http-nio-8080-exec-1] .w.s.m.s.DefaultHandlerExceptionResolver : Ignoring exception, response committed already: org.springframework.http.converter.HttpMessageNotWritableException: Could not write JSON: Document nesting depth (1001) exceeds the maximum allowed (1000, from `StreamWriteConstraints.getMaxNestingDepth()`)
2024-10-30T00:31:25.366+03:30  WARN 616 --- [practice_isc] [http-nio-8080-exec-1] .w.s.m.s.DefaultHandlerExceptionResolver : Resolved [org.springframework.http.converter.HttpMessageNotWritableException: Could not write JSON: Document nesting depth (1001) exceeds the maximum allowed (1000, from `StreamWriteConstraints.getMaxNestingDepth()`)]
2024-10-30T00:31:36.190+03:30  INFO 616 --- [practice_isc] [SpringApplicationShutdownHook] j.LocalContainerEntityManagerFactoryBean : Closing JPA EntityManagerFactory for persistence unit 'default'
2024-10-30T00:31:36.194+03:30  INFO 616 --- [practice_isc] [SpringApplicationShutdownHook] com.zaxxer.hikari.HikariDataSource       : HikariPool-1 - Shutdown initiated...
2024-10-30T00:31:36.204+03:30  INFO 616 --- [practice_isc] [SpringApplicationShutdownHook] com.zaxxer.hikari.HikariDataSource       : HikariPool-1 - Shutdown completed.
2024-10-30T00:33:12.706+03:30  INFO 14688 --- [practice_isc] [restartedMain] com.practice.PracticeApplication         : Starting PracticeApplication using Java 17.0.11 with PID 14688 (F:\LearningSpring\practice_isc\target\classes started by meysam in F:\LearningSpring\practice_isc)
2024-10-30T00:33:12.709+03:30  INFO 14688 --- [practice_isc] [restartedMain] com.practice.PracticeApplication         : No active profile set, falling back to 1 default profile: "default"
2024-10-30T00:33:12.778+03:30  INFO 14688 --- [practice_isc] [restartedMain] .e.DevToolsPropertyDefaultsPostProcessor : Devtools property defaults active! Set 'spring.devtools.add-properties' to 'false' to disable
2024-10-30T00:33:12.779+03:30  INFO 14688 --- [practice_isc] [restartedMain] .e.DevToolsPropertyDefaultsPostProcessor : For additional web related logging consider setting the 'logging.level.web' property to 'DEBUG'
2024-10-30T00:33:13.805+03:30  INFO 14688 --- [practice_isc] [restartedMain] .s.d.r.c.RepositoryConfigurationDelegate : Bootstrapping Spring Data JPA repositories in DEFAULT mode.
2024-10-30T00:33:13.904+03:30  INFO 14688 --- [practice_isc] [restartedMain] .s.d.r.c.RepositoryConfigurationDelegate : Finished Spring Data repository scanning in 88 ms. Found 4 JPA repository interfaces.
2024-10-30T00:33:14.755+03:30  INFO 14688 --- [practice_isc] [restartedMain] o.s.b.w.embedded.tomcat.TomcatWebServer  : Tomcat initialized with port 8080 (http)
2024-10-30T00:33:14.770+03:30  INFO 14688 --- [practice_isc] [restartedMain] o.apache.catalina.core.StandardService   : Starting service [Tomcat]
2024-10-30T00:33:14.771+03:30  INFO 14688 --- [practice_isc] [restartedMain] o.apache.catalina.core.StandardEngine    : Starting Servlet engine: [Apache Tomcat/10.1.31]
2024-10-30T00:33:14.833+03:30  INFO 14688 --- [practice_isc] [restartedMain] o.a.c.c.C.[Tomcat].[localhost].[/]       : Initializing Spring embedded WebApplicationContext
2024-10-30T00:33:14.834+03:30  INFO 14688 --- [practice_isc] [restartedMain] w.s.c.ServletWebServerApplicationContext : Root WebApplicationContext: initialization completed in 2054 ms
2024-10-30T00:33:14.874+03:30  INFO 14688 --- [practice_isc] [restartedMain] com.zaxxer.hikari.HikariDataSource       : HikariPool-1 - Starting...
2024-10-30T00:33:14.970+03:30  INFO 14688 --- [practice_isc] [restartedMain] com.zaxxer.hikari.pool.HikariPool        : HikariPool-1 - Added connection conn0: url=jdbc:h2:tcp://localhost:9092/~/practice user=SA
2024-10-30T00:33:14.973+03:30  INFO 14688 --- [practice_isc] [restartedMain] com.zaxxer.hikari.HikariDataSource       : HikariPool-1 - Start completed.
2024-10-30T00:33:14.993+03:30  INFO 14688 --- [practice_isc] [restartedMain] o.s.b.a.h2.H2ConsoleAutoConfiguration    : H2 console available at '/h2-console'. Database available at 'jdbc:h2:tcp://localhost:9092/~/practice'
2024-10-30T00:33:15.175+03:30  INFO 14688 --- [practice_isc] [restartedMain] o.hibernate.jpa.internal.util.LogHelper  : HHH000204: Processing PersistenceUnitInfo [name: default]
2024-10-30T00:33:15.260+03:30  INFO 14688 --- [practice_isc] [restartedMain] org.hibernate.Version                    : HHH000412: Hibernate ORM core version 6.5.3.Final
2024-10-30T00:33:15.309+03:30  INFO 14688 --- [practice_isc] [restartedMain] o.h.c.internal.RegionFactoryInitiator    : HHH000026: Second-level cache disabled
2024-10-30T00:33:15.714+03:30  INFO 14688 --- [practice_isc] [restartedMain] o.s.o.j.p.SpringPersistenceUnitInfo      : No LoadTimeWeaver setup: ignoring JPA class transformer
2024-10-30T00:33:15.784+03:30  WARN 14688 --- [practice_isc] [restartedMain] org.hibernate.orm.deprecation            : HHH90000025: H2Dialect does not need to be specified explicitly using 'hibernate.dialect' (remove the property setting and it will be selected by default)
2024-10-30T00:33:17.154+03:30  INFO 14688 --- [practice_isc] [restartedMain] o.h.e.t.j.p.i.JtaPlatformInitiator       : HHH000489: No JTA platform available (set 'hibernate.transaction.jta.platform' to enable JTA platform integration)
2024-10-30T00:33:17.237+03:30  INFO 14688 --- [practice_isc] [restartedMain] j.LocalContainerEntityManagerFactoryBean : Initialized JPA EntityManagerFactory for persistence unit 'default'
2024-10-30T00:33:17.898+03:30  WARN 14688 --- [practice_isc] [restartedMain] JpaBaseConfiguration$JpaWebConfiguration : spring.jpa.open-in-view is enabled by default. Therefore, database queries may be performed during view rendering. Explicitly configure spring.jpa.open-in-view to disable this warning
2024-10-30T00:33:18.533+03:30  INFO 14688 --- [practice_isc] [restartedMain] o.s.b.d.a.OptionalLiveReloadServer       : LiveReload server is running on port 35729
2024-10-30T00:33:18.619+03:30  INFO 14688 --- [practice_isc] [restartedMain] o.s.b.w.embedded.tomcat.TomcatWebServer  : Tomcat started on port 8080 (http) with context path '/'
2024-10-30T00:33:18.665+03:30  INFO 14688 --- [practice_isc] [restartedMain] com.practice.PracticeApplication         : Started PracticeApplication in 6.563 seconds (process running for 7.51)
2024-10-30T00:33:20.841+03:30  INFO 14688 --- [practice_isc] [http-nio-8080-exec-1] o.a.c.c.C.[Tomcat].[localhost].[/]       : Initializing Spring DispatcherServlet 'dispatcherServlet'
2024-10-30T00:33:20.841+03:30  INFO 14688 --- [practice_isc] [http-nio-8080-exec-1] o.s.web.servlet.DispatcherServlet        : Initializing Servlet 'dispatcherServlet'
2024-10-30T00:33:20.844+03:30  INFO 14688 --- [practice_isc] [http-nio-8080-exec-1] o.s.web.servlet.DispatcherServlet        : Completed initialization in 2 ms
2024-10-30T00:33:21.091+03:30  WARN 14688 --- [practice_isc] [http-nio-8080-exec-1] .w.s.m.s.DefaultHandlerExceptionResolver : Ignoring exception, response committed already: org.springframework.http.converter.HttpMessageNotWritableException: Could not write JSON: Document nesting depth (1001) exceeds the maximum allowed (1000, from `StreamWriteConstraints.getMaxNestingDepth()`)
2024-10-30T00:33:21.101+03:30  WARN 14688 --- [practice_isc] [http-nio-8080-exec-1] .w.s.m.s.DefaultHandlerExceptionResolver : Resolved [org.springframework.http.converter.HttpMessageNotWritableException: Could not write JSON: Document nesting depth (1001) exceeds the maximum allowed (1000, from `StreamWriteConstraints.getMaxNestingDepth()`)]
2024-10-30T00:33:32.782+03:30 ERROR 14688 --- [practice_isc] [http-nio-8080-exec-2] com.practice.service.UserService         : کاربر یافت نشد
2024-10-30T00:33:32.805+03:30  WARN 14688 --- [practice_isc] [http-nio-8080-exec-2] .m.m.a.ExceptionHandlerExceptionResolver : Resolved [com.practice.validations.SpecialException]
2024-10-30T00:33:36.693+03:30  WARN 14688 --- [practice_isc] [http-nio-8080-exec-3] .w.s.m.s.DefaultHandlerExceptionResolver : Ignoring exception, response committed already: org.springframework.http.converter.HttpMessageNotWritableException: Could not write JSON: Document nesting depth (1001) exceeds the maximum allowed (1000, from `StreamWriteConstraints.getMaxNestingDepth()`)
2024-10-30T00:33:36.694+03:30  WARN 14688 --- [practice_isc] [http-nio-8080-exec-3] .w.s.m.s.DefaultHandlerExceptionResolver : Resolved [org.springframework.http.converter.HttpMessageNotWritableException: Could not write JSON: Document nesting depth (1001) exceeds the maximum allowed (1000, from `StreamWriteConstraints.getMaxNestingDepth()`)]
2024-10-30T00:34:42.991+03:30  INFO 14688 --- [practice_isc] [SpringApplicationShutdownHook] j.LocalContainerEntityManagerFactoryBean : Closing JPA EntityManagerFactory for persistence unit 'default'
2024-10-30T00:34:42.997+03:30  INFO 14688 --- [practice_isc] [SpringApplicationShutdownHook] com.zaxxer.hikari.HikariDataSource       : HikariPool-1 - Shutdown initiated...
2024-10-30T00:34:43.011+03:30  INFO 14688 --- [practice_isc] [SpringApplicationShutdownHook] com.zaxxer.hikari.HikariDataSource       : HikariPool-1 - Shutdown completed.
2024-10-30T00:34:54.698+03:30  INFO 372 --- [practice_isc] [restartedMain] com.practice.PracticeApplication         : Starting PracticeApplication using Java 17.0.11 with PID 372 (F:\LearningSpring\practice_isc\target\classes started by meysam in F:\LearningSpring\practice_isc)
2024-10-30T00:34:54.701+03:30  INFO 372 --- [practice_isc] [restartedMain] com.practice.PracticeApplication         : No active profile set, falling back to 1 default profile: "default"
2024-10-30T00:34:54.767+03:30  INFO 372 --- [practice_isc] [restartedMain] .e.DevToolsPropertyDefaultsPostProcessor : Devtools property defaults active! Set 'spring.devtools.add-properties' to 'false' to disable
2024-10-30T00:34:54.767+03:30  INFO 372 --- [practice_isc] [restartedMain] .e.DevToolsPropertyDefaultsPostProcessor : For additional web related logging consider setting the 'logging.level.web' property to 'DEBUG'
2024-10-30T00:34:55.747+03:30  INFO 372 --- [practice_isc] [restartedMain] .s.d.r.c.RepositoryConfigurationDelegate : Bootstrapping Spring Data JPA repositories in DEFAULT mode.
2024-10-30T00:34:55.816+03:30  INFO 372 --- [practice_isc] [restartedMain] .s.d.r.c.RepositoryConfigurationDelegate : Finished Spring Data repository scanning in 60 ms. Found 4 JPA repository interfaces.
2024-10-30T00:34:56.527+03:30  INFO 372 --- [practice_isc] [restartedMain] o.s.b.w.embedded.tomcat.TomcatWebServer  : Tomcat initialized with port 8080 (http)
2024-10-30T00:34:56.544+03:30  INFO 372 --- [practice_isc] [restartedMain] o.apache.catalina.core.StandardService   : Starting service [Tomcat]
2024-10-30T00:34:56.544+03:30  INFO 372 --- [practice_isc] [restartedMain] o.apache.catalina.core.StandardEngine    : Starting Servlet engine: [Apache Tomcat/10.1.31]
2024-10-30T00:34:56.606+03:30  INFO 372 --- [practice_isc] [restartedMain] o.a.c.c.C.[Tomcat].[localhost].[/]       : Initializing Spring embedded WebApplicationContext
2024-10-30T00:34:56.606+03:30  INFO 372 --- [practice_isc] [restartedMain] w.s.c.ServletWebServerApplicationContext : Root WebApplicationContext: initialization completed in 1838 ms
2024-10-30T00:34:56.646+03:30  INFO 372 --- [practice_isc] [restartedMain] com.zaxxer.hikari.HikariDataSource       : HikariPool-1 - Starting...
2024-10-30T00:34:56.743+03:30  INFO 372 --- [practice_isc] [restartedMain] com.zaxxer.hikari.pool.HikariPool        : HikariPool-1 - Added connection conn0: url=jdbc:h2:tcp://localhost:9092/~/practice user=SA
2024-10-30T00:34:56.746+03:30  INFO 372 --- [practice_isc] [restartedMain] com.zaxxer.hikari.HikariDataSource       : HikariPool-1 - Start completed.
2024-10-30T00:34:56.760+03:30  INFO 372 --- [practice_isc] [restartedMain] o.s.b.a.h2.H2ConsoleAutoConfiguration    : H2 console available at '/h2-console'. Database available at 'jdbc:h2:tcp://localhost:9092/~/practice'
2024-10-30T00:34:56.948+03:30  INFO 372 --- [practice_isc] [restartedMain] o.hibernate.jpa.internal.util.LogHelper  : HHH000204: Processing PersistenceUnitInfo [name: default]
2024-10-30T00:34:57.023+03:30  INFO 372 --- [practice_isc] [restartedMain] org.hibernate.Version                    : HHH000412: Hibernate ORM core version 6.5.3.Final
2024-10-30T00:34:57.057+03:30  INFO 372 --- [practice_isc] [restartedMain] o.h.c.internal.RegionFactoryInitiator    : HHH000026: Second-level cache disabled
2024-10-30T00:34:57.417+03:30  INFO 372 --- [practice_isc] [restartedMain] o.s.o.j.p.SpringPersistenceUnitInfo      : No LoadTimeWeaver setup: ignoring JPA class transformer
2024-10-30T00:34:57.488+03:30  WARN 372 --- [practice_isc] [restartedMain] org.hibernate.orm.deprecation            : HHH90000025: H2Dialect does not need to be specified explicitly using 'hibernate.dialect' (remove the property setting and it will be selected by default)
2024-10-30T00:34:58.730+03:30  INFO 372 --- [practice_isc] [restartedMain] o.h.e.t.j.p.i.JtaPlatformInitiator       : HHH000489: No JTA platform available (set 'hibernate.transaction.jta.platform' to enable JTA platform integration)
2024-10-30T00:34:58.795+03:30  INFO 372 --- [practice_isc] [restartedMain] j.LocalContainerEntityManagerFactoryBean : Initialized JPA EntityManagerFactory for persistence unit 'default'
2024-10-30T00:34:59.307+03:30  WARN 372 --- [practice_isc] [restartedMain] JpaBaseConfiguration$JpaWebConfiguration : spring.jpa.open-in-view is enabled by default. Therefore, database queries may be performed during view rendering. Explicitly configure spring.jpa.open-in-view to disable this warning
2024-10-30T00:34:59.783+03:30  INFO 372 --- [practice_isc] [restartedMain] o.s.b.d.a.OptionalLiveReloadServer       : LiveReload server is running on port 35729
2024-10-30T00:34:59.827+03:30  INFO 372 --- [practice_isc] [restartedMain] o.s.b.w.embedded.tomcat.TomcatWebServer  : Tomcat started on port 8080 (http) with context path '/'
2024-10-30T00:34:59.840+03:30  INFO 372 --- [practice_isc] [restartedMain] com.practice.PracticeApplication         : Started PracticeApplication in 5.727 seconds (process running for 6.619)
2024-10-30T00:35:03.957+03:30  INFO 372 --- [practice_isc] [http-nio-8080-exec-1] o.a.c.c.C.[Tomcat].[localhost].[/]       : Initializing Spring DispatcherServlet 'dispatcherServlet'
2024-10-30T00:35:03.958+03:30  INFO 372 --- [practice_isc] [http-nio-8080-exec-1] o.s.web.servlet.DispatcherServlet        : Initializing Servlet 'dispatcherServlet'
2024-10-30T00:35:03.959+03:30  INFO 372 --- [practice_isc] [http-nio-8080-exec-1] o.s.web.servlet.DispatcherServlet        : Completed initialization in 1 ms
2024-10-30T00:35:04.282+03:30  WARN 372 --- [practice_isc] [http-nio-8080-exec-1] .w.s.m.s.DefaultHandlerExceptionResolver : Ignoring exception, response committed already: org.springframework.http.converter.HttpMessageNotWritableException: Could not write JSON: Document nesting depth (1001) exceeds the maximum allowed (1000, from `StreamWriteConstraints.getMaxNestingDepth()`)
2024-10-30T00:35:04.283+03:30  WARN 372 --- [practice_isc] [http-nio-8080-exec-1] .w.s.m.s.DefaultHandlerExceptionResolver : Resolved [org.springframework.http.converter.HttpMessageNotWritableException: Could not write JSON: Document nesting depth (1001) exceeds the maximum allowed (1000, from `StreamWriteConstraints.getMaxNestingDepth()`)]
2024-10-30T00:35:05.431+03:30  WARN 372 --- [practice_isc] [http-nio-8080-exec-2] .w.s.m.s.DefaultHandlerExceptionResolver : Ignoring exception, response committed already: org.springframework.http.converter.HttpMessageNotWritableException: Could not write JSON: Document nesting depth (1001) exceeds the maximum allowed (1000, from `StreamWriteConstraints.getMaxNestingDepth()`)
2024-10-30T00:35:05.434+03:30  WARN 372 --- [practice_isc] [http-nio-8080-exec-2] .w.s.m.s.DefaultHandlerExceptionResolver : Resolved [org.springframework.http.converter.HttpMessageNotWritableException: Could not write JSON: Document nesting depth (1001) exceeds the maximum allowed (1000, from `StreamWriteConstraints.getMaxNestingDepth()`)]
2024-10-30T00:35:41.654+03:30  INFO 372 --- [practice_isc] [SpringApplicationShutdownHook] j.LocalContainerEntityManagerFactoryBean : Closing JPA EntityManagerFactory for persistence unit 'default'
2024-10-30T00:35:41.657+03:30  INFO 372 --- [practice_isc] [SpringApplicationShutdownHook] com.zaxxer.hikari.HikariDataSource       : HikariPool-1 - Shutdown initiated...
2024-10-30T00:35:41.666+03:30  INFO 372 --- [practice_isc] [SpringApplicationShutdownHook] com.zaxxer.hikari.HikariDataSource       : HikariPool-1 - Shutdown completed.
2024-10-30T00:35:47.463+03:30  INFO 6188 --- [practice_isc] [restartedMain] com.practice.PracticeApplication         : Starting PracticeApplication using Java 17.0.11 with PID 6188 (F:\LearningSpring\practice_isc\target\classes started by meysam in F:\LearningSpring\practice_isc)
2024-10-30T00:35:47.467+03:30  INFO 6188 --- [practice_isc] [restartedMain] com.practice.PracticeApplication         : No active profile set, falling back to 1 default profile: "default"
2024-10-30T00:35:47.534+03:30  INFO 6188 --- [practice_isc] [restartedMain] .e.DevToolsPropertyDefaultsPostProcessor : Devtools property defaults active! Set 'spring.devtools.add-properties' to 'false' to disable
2024-10-30T00:35:47.534+03:30  INFO 6188 --- [practice_isc] [restartedMain] .e.DevToolsPropertyDefaultsPostProcessor : For additional web related logging consider setting the 'logging.level.web' property to 'DEBUG'
2024-10-30T00:35:48.498+03:30  INFO 6188 --- [practice_isc] [restartedMain] .s.d.r.c.RepositoryConfigurationDelegate : Bootstrapping Spring Data JPA repositories in DEFAULT mode.
2024-10-30T00:35:48.565+03:30  INFO 6188 --- [practice_isc] [restartedMain] .s.d.r.c.RepositoryConfigurationDelegate : Finished Spring Data repository scanning in 59 ms. Found 4 JPA repository interfaces.
2024-10-30T00:35:49.174+03:30  INFO 6188 --- [practice_isc] [restartedMain] o.s.b.w.embedded.tomcat.TomcatWebServer  : Tomcat initialized with port 8080 (http)
2024-10-30T00:35:49.187+03:30  INFO 6188 --- [practice_isc] [restartedMain] o.apache.catalina.core.StandardService   : Starting service [Tomcat]
2024-10-30T00:35:49.187+03:30  INFO 6188 --- [practice_isc] [restartedMain] o.apache.catalina.core.StandardEngine    : Starting Servlet engine: [Apache Tomcat/10.1.31]
2024-10-30T00:35:49.244+03:30  INFO 6188 --- [practice_isc] [restartedMain] o.a.c.c.C.[Tomcat].[localhost].[/]       : Initializing Spring embedded WebApplicationContext
2024-10-30T00:35:49.244+03:30  INFO 6188 --- [practice_isc] [restartedMain] w.s.c.ServletWebServerApplicationContext : Root WebApplicationContext: initialization completed in 1709 ms
2024-10-30T00:35:49.279+03:30  INFO 6188 --- [practice_isc] [restartedMain] com.zaxxer.hikari.HikariDataSource       : HikariPool-1 - Starting...
2024-10-30T00:35:49.358+03:30  INFO 6188 --- [practice_isc] [restartedMain] com.zaxxer.hikari.pool.HikariPool        : HikariPool-1 - Added connection conn0: url=jdbc:h2:tcp://localhost:9092/~/practice user=SA
2024-10-30T00:35:49.360+03:30  INFO 6188 --- [practice_isc] [restartedMain] com.zaxxer.hikari.HikariDataSource       : HikariPool-1 - Start completed.
2024-10-30T00:35:49.372+03:30  INFO 6188 --- [practice_isc] [restartedMain] o.s.b.a.h2.H2ConsoleAutoConfiguration    : H2 console available at '/h2-console'. Database available at 'jdbc:h2:tcp://localhost:9092/~/practice'
2024-10-30T00:35:49.526+03:30  INFO 6188 --- [practice_isc] [restartedMain] o.hibernate.jpa.internal.util.LogHelper  : HHH000204: Processing PersistenceUnitInfo [name: default]
2024-10-30T00:35:49.579+03:30  INFO 6188 --- [practice_isc] [restartedMain] org.hibernate.Version                    : HHH000412: Hibernate ORM core version 6.5.3.Final
2024-10-30T00:35:49.621+03:30  INFO 6188 --- [practice_isc] [restartedMain] o.h.c.internal.RegionFactoryInitiator    : HHH000026: Second-level cache disabled
2024-10-30T00:35:49.984+03:30  INFO 6188 --- [practice_isc] [restartedMain] o.s.o.j.p.SpringPersistenceUnitInfo      : No LoadTimeWeaver setup: ignoring JPA class transformer
2024-10-30T00:35:50.041+03:30  WARN 6188 --- [practice_isc] [restartedMain] org.hibernate.orm.deprecation            : HHH90000025: H2Dialect does not need to be specified explicitly using 'hibernate.dialect' (remove the property setting and it will be selected by default)
2024-10-30T00:35:51.216+03:30  INFO 6188 --- [practice_isc] [restartedMain] o.h.e.t.j.p.i.JtaPlatformInitiator       : HHH000489: No JTA platform available (set 'hibernate.transaction.jta.platform' to enable JTA platform integration)
2024-10-30T00:35:51.283+03:30  INFO 6188 --- [practice_isc] [restartedMain] j.LocalContainerEntityManagerFactoryBean : Initialized JPA EntityManagerFactory for persistence unit 'default'
2024-10-30T00:35:51.756+03:30  WARN 6188 --- [practice_isc] [restartedMain] JpaBaseConfiguration$JpaWebConfiguration : spring.jpa.open-in-view is enabled by default. Therefore, database queries may be performed during view rendering. Explicitly configure spring.jpa.open-in-view to disable this warning
2024-10-30T00:35:52.132+03:30  INFO 6188 --- [practice_isc] [restartedMain] o.s.b.d.a.OptionalLiveReloadServer       : LiveReload server is running on port 35729
2024-10-30T00:35:52.173+03:30  INFO 6188 --- [practice_isc] [restartedMain] o.s.b.w.embedded.tomcat.TomcatWebServer  : Tomcat started on port 8080 (http) with context path '/'
2024-10-30T00:35:52.186+03:30  INFO 6188 --- [practice_isc] [restartedMain] com.practice.PracticeApplication         : Started PracticeApplication in 5.315 seconds (process running for 6.195)
2024-10-30T00:35:55.993+03:30  INFO 6188 --- [practice_isc] [http-nio-8080-exec-1] o.a.c.c.C.[Tomcat].[localhost].[/]       : Initializing Spring DispatcherServlet 'dispatcherServlet'
2024-10-30T00:35:55.993+03:30  INFO 6188 --- [practice_isc] [http-nio-8080-exec-1] o.s.web.servlet.DispatcherServlet        : Initializing Servlet 'dispatcherServlet'
2024-10-30T00:35:55.995+03:30  INFO 6188 --- [practice_isc] [http-nio-8080-exec-1] o.s.web.servlet.DispatcherServlet        : Completed initialization in 2 ms
2024-10-30T00:35:56.326+03:30  WARN 6188 --- [practice_isc] [http-nio-8080-exec-1] .w.s.m.s.DefaultHandlerExceptionResolver : Ignoring exception, response committed already: org.springframework.http.converter.HttpMessageNotWritableException: Could not write JSON: Document nesting depth (1001) exceeds the maximum allowed (1000, from `StreamWriteConstraints.getMaxNestingDepth()`)
2024-10-30T00:35:56.329+03:30  WARN 6188 --- [practice_isc] [http-nio-8080-exec-1] .w.s.m.s.DefaultHandlerExceptionResolver : Resolved [org.springframework.http.converter.HttpMessageNotWritableException: Could not write JSON: Document nesting depth (1001) exceeds the maximum allowed (1000, from `StreamWriteConstraints.getMaxNestingDepth()`)]
2024-10-30T00:37:39.893+03:30  INFO 6188 --- [practice_isc] [SpringApplicationShutdownHook] j.LocalContainerEntityManagerFactoryBean : Closing JPA EntityManagerFactory for persistence unit 'default'
2024-10-30T00:37:39.903+03:30  INFO 6188 --- [practice_isc] [SpringApplicationShutdownHook] com.zaxxer.hikari.HikariDataSource       : HikariPool-1 - Shutdown initiated...
2024-10-30T00:37:39.922+03:30  INFO 6188 --- [practice_isc] [SpringApplicationShutdownHook] com.zaxxer.hikari.HikariDataSource       : HikariPool-1 - Shutdown completed.
2024-10-30T00:37:48.911+03:30  INFO 15852 --- [practice_isc] [restartedMain] com.practice.PracticeApplication         : Starting PracticeApplication using Java 17.0.11 with PID 15852 (F:\LearningSpring\practice_isc\target\classes started by meysam in F:\LearningSpring\practice_isc)
2024-10-30T00:37:48.914+03:30  INFO 15852 --- [practice_isc] [restartedMain] com.practice.PracticeApplication         : No active profile set, falling back to 1 default profile: "default"
2024-10-30T00:37:48.985+03:30  INFO 15852 --- [practice_isc] [restartedMain] .e.DevToolsPropertyDefaultsPostProcessor : Devtools property defaults active! Set 'spring.devtools.add-properties' to 'false' to disable
2024-10-30T00:37:48.986+03:30  INFO 15852 --- [practice_isc] [restartedMain] .e.DevToolsPropertyDefaultsPostProcessor : For additional web related logging consider setting the 'logging.level.web' property to 'DEBUG'
2024-10-30T00:37:49.929+03:30  INFO 15852 --- [practice_isc] [restartedMain] .s.d.r.c.RepositoryConfigurationDelegate : Bootstrapping Spring Data JPA repositories in DEFAULT mode.
2024-10-30T00:37:50.001+03:30  INFO 15852 --- [practice_isc] [restartedMain] .s.d.r.c.RepositoryConfigurationDelegate : Finished Spring Data repository scanning in 64 ms. Found 4 JPA repository interfaces.
2024-10-30T00:37:50.642+03:30  INFO 15852 --- [practice_isc] [restartedMain] o.s.b.w.embedded.tomcat.TomcatWebServer  : Tomcat initialized with port 8080 (http)
2024-10-30T00:37:50.654+03:30  INFO 15852 --- [practice_isc] [restartedMain] o.apache.catalina.core.StandardService   : Starting service [Tomcat]
2024-10-30T00:37:50.655+03:30  INFO 15852 --- [practice_isc] [restartedMain] o.apache.catalina.core.StandardEngine    : Starting Servlet engine: [Apache Tomcat/10.1.31]
2024-10-30T00:37:50.708+03:30  INFO 15852 --- [practice_isc] [restartedMain] o.a.c.c.C.[Tomcat].[localhost].[/]       : Initializing Spring embedded WebApplicationContext
2024-10-30T00:37:50.709+03:30  INFO 15852 --- [practice_isc] [restartedMain] w.s.c.ServletWebServerApplicationContext : Root WebApplicationContext: initialization completed in 1722 ms
2024-10-30T00:37:50.741+03:30  INFO 15852 --- [practice_isc] [restartedMain] com.zaxxer.hikari.HikariDataSource       : HikariPool-1 - Starting...
2024-10-30T00:37:50.810+03:30  INFO 15852 --- [practice_isc] [restartedMain] com.zaxxer.hikari.pool.HikariPool        : HikariPool-1 - Added connection conn0: url=jdbc:h2:tcp://localhost:9092/~/practice user=SA
2024-10-30T00:37:50.813+03:30  INFO 15852 --- [practice_isc] [restartedMain] com.zaxxer.hikari.HikariDataSource       : HikariPool-1 - Start completed.
2024-10-30T00:37:50.824+03:30  INFO 15852 --- [practice_isc] [restartedMain] o.s.b.a.h2.H2ConsoleAutoConfiguration    : H2 console available at '/h2-console'. Database available at 'jdbc:h2:tcp://localhost:9092/~/practice'
2024-10-30T00:37:50.995+03:30  INFO 15852 --- [practice_isc] [restartedMain] o.hibernate.jpa.internal.util.LogHelper  : HHH000204: Processing PersistenceUnitInfo [name: default]
2024-10-30T00:37:51.049+03:30  INFO 15852 --- [practice_isc] [restartedMain] org.hibernate.Version                    : HHH000412: Hibernate ORM core version 6.5.3.Final
2024-10-30T00:37:51.088+03:30  INFO 15852 --- [practice_isc] [restartedMain] o.h.c.internal.RegionFactoryInitiator    : HHH000026: Second-level cache disabled
2024-10-30T00:37:51.431+03:30  INFO 15852 --- [practice_isc] [restartedMain] o.s.o.j.p.SpringPersistenceUnitInfo      : No LoadTimeWeaver setup: ignoring JPA class transformer
2024-10-30T00:37:51.481+03:30  WARN 15852 --- [practice_isc] [restartedMain] org.hibernate.orm.deprecation            : HHH90000025: H2Dialect does not need to be specified explicitly using 'hibernate.dialect' (remove the property setting and it will be selected by default)
2024-10-30T00:37:52.637+03:30  INFO 15852 --- [practice_isc] [restartedMain] o.h.e.t.j.p.i.JtaPlatformInitiator       : HHH000489: No JTA platform available (set 'hibernate.transaction.jta.platform' to enable JTA platform integration)
2024-10-30T00:37:52.700+03:30  INFO 15852 --- [practice_isc] [restartedMain] j.LocalContainerEntityManagerFactoryBean : Initialized JPA EntityManagerFactory for persistence unit 'default'
2024-10-30T00:37:53.180+03:30  WARN 15852 --- [practice_isc] [restartedMain] JpaBaseConfiguration$JpaWebConfiguration : spring.jpa.open-in-view is enabled by default. Therefore, database queries may be performed during view rendering. Explicitly configure spring.jpa.open-in-view to disable this warning
2024-10-30T00:37:53.550+03:30  INFO 15852 --- [practice_isc] [restartedMain] o.s.b.d.a.OptionalLiveReloadServer       : LiveReload server is running on port 35729
2024-10-30T00:37:53.591+03:30  INFO 15852 --- [practice_isc] [restartedMain] o.s.b.w.embedded.tomcat.TomcatWebServer  : Tomcat started on port 8080 (http) with context path '/'
2024-10-30T00:37:53.603+03:30  INFO 15852 --- [practice_isc] [restartedMain] com.practice.PracticeApplication         : Started PracticeApplication in 5.317 seconds (process running for 6.28)
2024-10-30T00:37:59.991+03:30  INFO 15852 --- [practice_isc] [http-nio-8080-exec-1] o.a.c.c.C.[Tomcat].[localhost].[/]       : Initializing Spring DispatcherServlet 'dispatcherServlet'
2024-10-30T00:37:59.992+03:30  INFO 15852 --- [practice_isc] [http-nio-8080-exec-1] o.s.web.servlet.DispatcherServlet        : Initializing Servlet 'dispatcherServlet'
2024-10-30T00:37:59.993+03:30  INFO 15852 --- [practice_isc] [http-nio-8080-exec-1] o.s.web.servlet.DispatcherServlet        : Completed initialization in 1 ms
2024-10-30T00:38:00.356+03:30  WARN 15852 --- [practice_isc] [http-nio-8080-exec-1] .w.s.m.s.DefaultHandlerExceptionResolver : Ignoring exception, response committed already: org.springframework.http.converter.HttpMessageNotWritableException: Could not write JSON: Document nesting depth (1001) exceeds the maximum allowed (1000, from `StreamWriteConstraints.getMaxNestingDepth()`)
2024-10-30T00:38:00.358+03:30  WARN 15852 --- [practice_isc] [http-nio-8080-exec-1] .w.s.m.s.DefaultHandlerExceptionResolver : Resolved [org.springframework.http.converter.HttpMessageNotWritableException: Could not write JSON: Document nesting depth (1001) exceeds the maximum allowed (1000, from `StreamWriteConstraints.getMaxNestingDepth()`)]
2024-10-30T00:38:25.215+03:30  INFO 15852 --- [practice_isc] [SpringApplicationShutdownHook] j.LocalContainerEntityManagerFactoryBean : Closing JPA EntityManagerFactory for persistence unit 'default'
2024-10-30T00:38:25.221+03:30  INFO 15852 --- [practice_isc] [SpringApplicationShutdownHook] com.zaxxer.hikari.HikariDataSource       : HikariPool-1 - Shutdown initiated...
2024-10-30T00:38:25.230+03:30  INFO 15852 --- [practice_isc] [SpringApplicationShutdownHook] com.zaxxer.hikari.HikariDataSource       : HikariPool-1 - Shutdown completed.
2024-10-30T00:38:31.186+03:30  INFO 14016 --- [practice_isc] [restartedMain] com.practice.PracticeApplication         : Starting PracticeApplication using Java 17.0.11 with PID 14016 (F:\LearningSpring\practice_isc\target\classes started by meysam in F:\LearningSpring\practice_isc)
2024-10-30T00:38:31.189+03:30  INFO 14016 --- [practice_isc] [restartedMain] com.practice.PracticeApplication         : No active profile set, falling back to 1 default profile: "default"
2024-10-30T00:38:31.256+03:30  INFO 14016 --- [practice_isc] [restartedMain] .e.DevToolsPropertyDefaultsPostProcessor : Devtools property defaults active! Set 'spring.devtools.add-properties' to 'false' to disable
2024-10-30T00:38:31.256+03:30  INFO 14016 --- [practice_isc] [restartedMain] .e.DevToolsPropertyDefaultsPostProcessor : For additional web related logging consider setting the 'logging.level.web' property to 'DEBUG'
2024-10-30T00:38:32.156+03:30  INFO 14016 --- [practice_isc] [restartedMain] .s.d.r.c.RepositoryConfigurationDelegate : Bootstrapping Spring Data JPA repositories in DEFAULT mode.
2024-10-30T00:38:32.227+03:30  INFO 14016 --- [practice_isc] [restartedMain] .s.d.r.c.RepositoryConfigurationDelegate : Finished Spring Data repository scanning in 62 ms. Found 4 JPA repository interfaces.
2024-10-30T00:38:32.850+03:30  INFO 14016 --- [practice_isc] [restartedMain] o.s.b.w.embedded.tomcat.TomcatWebServer  : Tomcat initialized with port 8080 (http)
2024-10-30T00:38:32.863+03:30  INFO 14016 --- [practice_isc] [restartedMain] o.apache.catalina.core.StandardService   : Starting service [Tomcat]
2024-10-30T00:38:32.863+03:30  INFO 14016 --- [practice_isc] [restartedMain] o.apache.catalina.core.StandardEngine    : Starting Servlet engine: [Apache Tomcat/10.1.31]
2024-10-30T00:38:32.920+03:30  INFO 14016 --- [practice_isc] [restartedMain] o.a.c.c.C.[Tomcat].[localhost].[/]       : Initializing Spring embedded WebApplicationContext
2024-10-30T00:38:32.920+03:30  INFO 14016 --- [practice_isc] [restartedMain] w.s.c.ServletWebServerApplicationContext : Root WebApplicationContext: initialization completed in 1663 ms
2024-10-30T00:38:32.955+03:30  INFO 14016 --- [practice_isc] [restartedMain] com.zaxxer.hikari.HikariDataSource       : HikariPool-1 - Starting...
2024-10-30T00:38:33.027+03:30  INFO 14016 --- [practice_isc] [restartedMain] com.zaxxer.hikari.pool.HikariPool        : HikariPool-1 - Added connection conn0: url=jdbc:h2:tcp://localhost:9092/~/practice user=SA
2024-10-30T00:38:33.029+03:30  INFO 14016 --- [practice_isc] [restartedMain] com.zaxxer.hikari.HikariDataSource       : HikariPool-1 - Start completed.
2024-10-30T00:38:33.040+03:30  INFO 14016 --- [practice_isc] [restartedMain] o.s.b.a.h2.H2ConsoleAutoConfiguration    : H2 console available at '/h2-console'. Database available at 'jdbc:h2:tcp://localhost:9092/~/practice'
2024-10-30T00:38:33.194+03:30  INFO 14016 --- [practice_isc] [restartedMain] o.hibernate.jpa.internal.util.LogHelper  : HHH000204: Processing PersistenceUnitInfo [name: default]
2024-10-30T00:38:33.250+03:30  INFO 14016 --- [practice_isc] [restartedMain] org.hibernate.Version                    : HHH000412: Hibernate ORM core version 6.5.3.Final
2024-10-30T00:38:33.283+03:30  INFO 14016 --- [practice_isc] [restartedMain] o.h.c.internal.RegionFactoryInitiator    : HHH000026: Second-level cache disabled
2024-10-30T00:38:33.624+03:30  INFO 14016 --- [practice_isc] [restartedMain] o.s.o.j.p.SpringPersistenceUnitInfo      : No LoadTimeWeaver setup: ignoring JPA class transformer
2024-10-30T00:38:33.675+03:30  WARN 14016 --- [practice_isc] [restartedMain] org.hibernate.orm.deprecation            : HHH90000025: H2Dialect does not need to be specified explicitly using 'hibernate.dialect' (remove the property setting and it will be selected by default)
2024-10-30T00:38:34.804+03:30  INFO 14016 --- [practice_isc] [restartedMain] o.h.e.t.j.p.i.JtaPlatformInitiator       : HHH000489: No JTA platform available (set 'hibernate.transaction.jta.platform' to enable JTA platform integration)
2024-10-30T00:38:34.864+03:30  INFO 14016 --- [practice_isc] [restartedMain] j.LocalContainerEntityManagerFactoryBean : Initialized JPA EntityManagerFactory for persistence unit 'default'
2024-10-30T00:38:35.328+03:30  WARN 14016 --- [practice_isc] [restartedMain] JpaBaseConfiguration$JpaWebConfiguration : spring.jpa.open-in-view is enabled by default. Therefore, database queries may be performed during view rendering. Explicitly configure spring.jpa.open-in-view to disable this warning
2024-10-30T00:38:35.722+03:30  INFO 14016 --- [practice_isc] [restartedMain] o.s.b.d.a.OptionalLiveReloadServer       : LiveReload server is running on port 35729
2024-10-30T00:38:35.763+03:30  INFO 14016 --- [practice_isc] [restartedMain] o.s.b.w.embedded.tomcat.TomcatWebServer  : Tomcat started on port 8080 (http) with context path '/'
2024-10-30T00:38:35.774+03:30  INFO 14016 --- [practice_isc] [restartedMain] com.practice.PracticeApplication         : Started PracticeApplication in 5.192 seconds (process running for 6.094)
2024-10-30T00:38:38.634+03:30  INFO 14016 --- [practice_isc] [http-nio-8080-exec-1] o.a.c.c.C.[Tomcat].[localhost].[/]       : Initializing Spring DispatcherServlet 'dispatcherServlet'
2024-10-30T00:38:38.634+03:30  INFO 14016 --- [practice_isc] [http-nio-8080-exec-1] o.s.web.servlet.DispatcherServlet        : Initializing Servlet 'dispatcherServlet'
2024-10-30T00:38:38.635+03:30  INFO 14016 --- [practice_isc] [http-nio-8080-exec-1] o.s.web.servlet.DispatcherServlet        : Completed initialization in 1 ms
2024-10-30T00:38:38.921+03:30  WARN 14016 --- [practice_isc] [http-nio-8080-exec-1] .w.s.m.s.DefaultHandlerExceptionResolver : Ignoring exception, response committed already: org.springframework.http.converter.HttpMessageNotWritableException: Could not write JSON: Document nesting depth (1001) exceeds the maximum allowed (1000, from `StreamWriteConstraints.getMaxNestingDepth()`)
2024-10-30T00:38:38.922+03:30  WARN 14016 --- [practice_isc] [http-nio-8080-exec-1] .w.s.m.s.DefaultHandlerExceptionResolver : Resolved [org.springframework.http.converter.HttpMessageNotWritableException: Could not write JSON: Document nesting depth (1001) exceeds the maximum allowed (1000, from `StreamWriteConstraints.getMaxNestingDepth()`)]
2024-10-30T00:39:43.005+03:30  INFO 14016 --- [practice_isc] [SpringApplicationShutdownHook] j.LocalContainerEntityManagerFactoryBean : Closing JPA EntityManagerFactory for persistence unit 'default'
2024-10-30T00:39:43.020+03:30  INFO 14016 --- [practice_isc] [SpringApplicationShutdownHook] com.zaxxer.hikari.HikariDataSource       : HikariPool-1 - Shutdown initiated...
2024-10-30T00:39:43.039+03:30  INFO 14016 --- [practice_isc] [SpringApplicationShutdownHook] com.zaxxer.hikari.HikariDataSource       : HikariPool-1 - Shutdown completed.
2024-10-30T00:39:53.724+03:30  INFO 16696 --- [practice_isc] [restartedMain] com.practice.PracticeApplication         : Starting PracticeApplication using Java 17.0.11 with PID 16696 (F:\LearningSpring\practice_isc\target\classes started by meysam in F:\LearningSpring\practice_isc)
2024-10-30T00:39:53.727+03:30  INFO 16696 --- [practice_isc] [restartedMain] com.practice.PracticeApplication         : No active profile set, falling back to 1 default profile: "default"
2024-10-30T00:39:53.818+03:30  INFO 16696 --- [practice_isc] [restartedMain] .e.DevToolsPropertyDefaultsPostProcessor : Devtools property defaults active! Set 'spring.devtools.add-properties' to 'false' to disable
2024-10-30T00:39:53.818+03:30  INFO 16696 --- [practice_isc] [restartedMain] .e.DevToolsPropertyDefaultsPostProcessor : For additional web related logging consider setting the 'logging.level.web' property to 'DEBUG'
2024-10-30T00:39:55.017+03:30  INFO 16696 --- [practice_isc] [restartedMain] .s.d.r.c.RepositoryConfigurationDelegate : Bootstrapping Spring Data JPA repositories in DEFAULT mode.
2024-10-30T00:39:55.118+03:30  INFO 16696 --- [practice_isc] [restartedMain] .s.d.r.c.RepositoryConfigurationDelegate : Finished Spring Data repository scanning in 90 ms. Found 4 JPA repository interfaces.
2024-10-30T00:39:56.097+03:30  INFO 16696 --- [practice_isc] [restartedMain] o.s.b.w.embedded.tomcat.TomcatWebServer  : Tomcat initialized with port 8080 (http)
2024-10-30T00:39:56.121+03:30  INFO 16696 --- [practice_isc] [restartedMain] o.apache.catalina.core.StandardService   : Starting service [Tomcat]
2024-10-30T00:39:56.122+03:30  INFO 16696 --- [practice_isc] [restartedMain] o.apache.catalina.core.StandardEngine    : Starting Servlet engine: [Apache Tomcat/10.1.31]
2024-10-30T00:39:56.206+03:30  INFO 16696 --- [practice_isc] [restartedMain] o.a.c.c.C.[Tomcat].[localhost].[/]       : Initializing Spring embedded WebApplicationContext
2024-10-30T00:39:56.207+03:30  INFO 16696 --- [practice_isc] [restartedMain] w.s.c.ServletWebServerApplicationContext : Root WebApplicationContext: initialization completed in 2387 ms
2024-10-30T00:39:56.242+03:30  INFO 16696 --- [practice_isc] [restartedMain] com.zaxxer.hikari.HikariDataSource       : HikariPool-1 - Starting...
2024-10-30T00:39:56.369+03:30  INFO 16696 --- [practice_isc] [restartedMain] com.zaxxer.hikari.pool.HikariPool        : HikariPool-1 - Added connection conn0: url=jdbc:h2:tcp://localhost:9092/~/practice user=SA
2024-10-30T00:39:56.371+03:30  INFO 16696 --- [practice_isc] [restartedMain] com.zaxxer.hikari.HikariDataSource       : HikariPool-1 - Start completed.
2024-10-30T00:39:56.385+03:30  INFO 16696 --- [practice_isc] [restartedMain] o.s.b.a.h2.H2ConsoleAutoConfiguration    : H2 console available at '/h2-console'. Database available at 'jdbc:h2:tcp://localhost:9092/~/practice'
2024-10-30T00:39:56.533+03:30  INFO 16696 --- [practice_isc] [restartedMain] o.hibernate.jpa.internal.util.LogHelper  : HHH000204: Processing PersistenceUnitInfo [name: default]
2024-10-30T00:39:56.604+03:30  INFO 16696 --- [practice_isc] [restartedMain] org.hibernate.Version                    : HHH000412: Hibernate ORM core version 6.5.3.Final
2024-10-30T00:39:56.652+03:30  INFO 16696 --- [practice_isc] [restartedMain] o.h.c.internal.RegionFactoryInitiator    : HHH000026: Second-level cache disabled
2024-10-30T00:39:57.025+03:30  INFO 16696 --- [practice_isc] [restartedMain] o.s.o.j.p.SpringPersistenceUnitInfo      : No LoadTimeWeaver setup: ignoring JPA class transformer
2024-10-30T00:39:57.079+03:30  WARN 16696 --- [practice_isc] [restartedMain] org.hibernate.orm.deprecation            : HHH90000025: H2Dialect does not need to be specified explicitly using 'hibernate.dialect' (remove the property setting and it will be selected by default)
2024-10-30T00:39:58.261+03:30  INFO 16696 --- [practice_isc] [restartedMain] o.h.e.t.j.p.i.JtaPlatformInitiator       : HHH000489: No JTA platform available (set 'hibernate.transaction.jta.platform' to enable JTA platform integration)
2024-10-30T00:39:58.328+03:30  INFO 16696 --- [practice_isc] [restartedMain] j.LocalContainerEntityManagerFactoryBean : Initialized JPA EntityManagerFactory for persistence unit 'default'
2024-10-30T00:39:58.829+03:30  WARN 16696 --- [practice_isc] [restartedMain] JpaBaseConfiguration$JpaWebConfiguration : spring.jpa.open-in-view is enabled by default. Therefore, database queries may be performed during view rendering. Explicitly configure spring.jpa.open-in-view to disable this warning
2024-10-30T00:39:59.219+03:30  INFO 16696 --- [practice_isc] [restartedMain] o.s.b.d.a.OptionalLiveReloadServer       : LiveReload server is running on port 35729
2024-10-30T00:39:59.262+03:30  INFO 16696 --- [practice_isc] [restartedMain] o.s.b.w.embedded.tomcat.TomcatWebServer  : Tomcat started on port 8080 (http) with context path '/'
2024-10-30T00:39:59.284+03:30  INFO 16696 --- [practice_isc] [restartedMain] com.practice.PracticeApplication         : Started PracticeApplication in 6.225 seconds (process running for 7.319)
2024-10-30T00:40:09.122+03:30  INFO 16696 --- [practice_isc] [http-nio-8080-exec-1] o.a.c.c.C.[Tomcat].[localhost].[/]       : Initializing Spring DispatcherServlet 'dispatcherServlet'
2024-10-30T00:40:09.122+03:30  INFO 16696 --- [practice_isc] [http-nio-8080-exec-1] o.s.web.servlet.DispatcherServlet        : Initializing Servlet 'dispatcherServlet'
2024-10-30T00:40:09.123+03:30  INFO 16696 --- [practice_isc] [http-nio-8080-exec-1] o.s.web.servlet.DispatcherServlet        : Completed initialization in 1 ms
2024-10-30T00:40:09.404+03:30  WARN 16696 --- [practice_isc] [http-nio-8080-exec-1] .w.s.m.s.DefaultHandlerExceptionResolver : Ignoring exception, response committed already: org.springframework.http.converter.HttpMessageNotWritableException: Could not write JSON: Document nesting depth (1001) exceeds the maximum allowed (1000, from `StreamWriteConstraints.getMaxNestingDepth()`)
2024-10-30T00:40:09.406+03:30  WARN 16696 --- [practice_isc] [http-nio-8080-exec-1] .w.s.m.s.DefaultHandlerExceptionResolver : Resolved [org.springframework.http.converter.HttpMessageNotWritableException: Could not write JSON: Document nesting depth (1001) exceeds the maximum allowed (1000, from `StreamWriteConstraints.getMaxNestingDepth()`)]
2024-10-30T00:40:13.086+03:30  WARN 16696 --- [practice_isc] [http-nio-8080-exec-2] .w.s.m.s.DefaultHandlerExceptionResolver : Ignoring exception, response committed already: org.springframework.http.converter.HttpMessageNotWritableException: Could not write JSON: Document nesting depth (1001) exceeds the maximum allowed (1000, from `StreamWriteConstraints.getMaxNestingDepth()`)
2024-10-30T00:40:13.088+03:30  WARN 16696 --- [practice_isc] [http-nio-8080-exec-2] .w.s.m.s.DefaultHandlerExceptionResolver : Resolved [org.springframework.http.converter.HttpMessageNotWritableException: Could not write JSON: Document nesting depth (1001) exceeds the maximum allowed (1000, from `StreamWriteConstraints.getMaxNestingDepth()`)]
2024-10-30T00:40:14.790+03:30  WARN 16696 --- [practice_isc] [http-nio-8080-exec-3] .w.s.m.s.DefaultHandlerExceptionResolver : Ignoring exception, response committed already: org.springframework.http.converter.HttpMessageNotWritableException: Could not write JSON: Document nesting depth (1001) exceeds the maximum allowed (1000, from `StreamWriteConstraints.getMaxNestingDepth()`)
2024-10-30T00:40:14.792+03:30  WARN 16696 --- [practice_isc] [http-nio-8080-exec-3] .w.s.m.s.DefaultHandlerExceptionResolver : Resolved [org.springframework.http.converter.HttpMessageNotWritableException: Could not write JSON: Document nesting depth (1001) exceeds the maximum allowed (1000, from `StreamWriteConstraints.getMaxNestingDepth()`)]
2024-10-30T00:42:13.756+03:30  INFO 16696 --- [practice_isc] [SpringApplicationShutdownHook] j.LocalContainerEntityManagerFactoryBean : Closing JPA EntityManagerFactory for persistence unit 'default'
2024-10-30T00:42:13.759+03:30  INFO 16696 --- [practice_isc] [SpringApplicationShutdownHook] com.zaxxer.hikari.HikariDataSource       : HikariPool-1 - Shutdown initiated...
2024-10-30T00:42:13.767+03:30  INFO 16696 --- [practice_isc] [SpringApplicationShutdownHook] com.zaxxer.hikari.HikariDataSource       : HikariPool-1 - Shutdown completed.
2024-10-30T00:42:20.059+03:30  INFO 12952 --- [practice_isc] [restartedMain] com.practice.PracticeApplication         : Starting PracticeApplication using Java 17.0.11 with PID 12952 (F:\LearningSpring\practice_isc\target\classes started by meysam in F:\LearningSpring\practice_isc)
2024-10-30T00:42:20.062+03:30  INFO 12952 --- [practice_isc] [restartedMain] com.practice.PracticeApplication         : No active profile set, falling back to 1 default profile: "default"
2024-10-30T00:42:20.130+03:30  INFO 12952 --- [practice_isc] [restartedMain] .e.DevToolsPropertyDefaultsPostProcessor : Devtools property defaults active! Set 'spring.devtools.add-properties' to 'false' to disable
2024-10-30T00:42:20.130+03:30  INFO 12952 --- [practice_isc] [restartedMain] .e.DevToolsPropertyDefaultsPostProcessor : For additional web related logging consider setting the 'logging.level.web' property to 'DEBUG'
2024-10-30T00:42:21.079+03:30  INFO 12952 --- [practice_isc] [restartedMain] .s.d.r.c.RepositoryConfigurationDelegate : Bootstrapping Spring Data JPA repositories in DEFAULT mode.
2024-10-30T00:42:21.146+03:30  INFO 12952 --- [practice_isc] [restartedMain] .s.d.r.c.RepositoryConfigurationDelegate : Finished Spring Data repository scanning in 59 ms. Found 4 JPA repository interfaces.
2024-10-30T00:42:21.748+03:30  INFO 12952 --- [practice_isc] [restartedMain] o.s.b.w.embedded.tomcat.TomcatWebServer  : Tomcat initialized with port 8080 (http)
2024-10-30T00:42:21.761+03:30  INFO 12952 --- [practice_isc] [restartedMain] o.apache.catalina.core.StandardService   : Starting service [Tomcat]
2024-10-30T00:42:21.761+03:30  INFO 12952 --- [practice_isc] [restartedMain] o.apache.catalina.core.StandardEngine    : Starting Servlet engine: [Apache Tomcat/10.1.31]
2024-10-30T00:42:21.817+03:30  INFO 12952 --- [practice_isc] [restartedMain] o.a.c.c.C.[Tomcat].[localhost].[/]       : Initializing Spring embedded WebApplicationContext
2024-10-30T00:42:21.817+03:30  INFO 12952 --- [practice_isc] [restartedMain] w.s.c.ServletWebServerApplicationContext : Root WebApplicationContext: initialization completed in 1686 ms
2024-10-30T00:42:21.850+03:30  INFO 12952 --- [practice_isc] [restartedMain] com.zaxxer.hikari.HikariDataSource       : HikariPool-1 - Starting...
2024-10-30T00:42:21.920+03:30  INFO 12952 --- [practice_isc] [restartedMain] com.zaxxer.hikari.pool.HikariPool        : HikariPool-1 - Added connection conn0: url=jdbc:h2:tcp://localhost:9092/~/practice user=SA
2024-10-30T00:42:21.921+03:30  INFO 12952 --- [practice_isc] [restartedMain] com.zaxxer.hikari.HikariDataSource       : HikariPool-1 - Start completed.
2024-10-30T00:42:21.932+03:30  INFO 12952 --- [practice_isc] [restartedMain] o.s.b.a.h2.H2ConsoleAutoConfiguration    : H2 console available at '/h2-console'. Database available at 'jdbc:h2:tcp://localhost:9092/~/practice'
2024-10-30T00:42:22.081+03:30  INFO 12952 --- [practice_isc] [restartedMain] o.hibernate.jpa.internal.util.LogHelper  : HHH000204: Processing PersistenceUnitInfo [name: default]
2024-10-30T00:42:22.136+03:30  INFO 12952 --- [practice_isc] [restartedMain] org.hibernate.Version                    : HHH000412: Hibernate ORM core version 6.5.3.Final
2024-10-30T00:42:22.177+03:30  INFO 12952 --- [practice_isc] [restartedMain] o.h.c.internal.RegionFactoryInitiator    : HHH000026: Second-level cache disabled
2024-10-30T00:42:22.504+03:30  INFO 12952 --- [practice_isc] [restartedMain] o.s.o.j.p.SpringPersistenceUnitInfo      : No LoadTimeWeaver setup: ignoring JPA class transformer
2024-10-30T00:42:22.554+03:30  WARN 12952 --- [practice_isc] [restartedMain] org.hibernate.orm.deprecation            : HHH90000025: H2Dialect does not need to be specified explicitly using 'hibernate.dialect' (remove the property setting and it will be selected by default)
2024-10-30T00:42:23.654+03:30  INFO 12952 --- [practice_isc] [restartedMain] o.h.e.t.j.p.i.JtaPlatformInitiator       : HHH000489: No JTA platform available (set 'hibernate.transaction.jta.platform' to enable JTA platform integration)
2024-10-30T00:42:23.710+03:30  INFO 12952 --- [practice_isc] [restartedMain] j.LocalContainerEntityManagerFactoryBean : Initialized JPA EntityManagerFactory for persistence unit 'default'
2024-10-30T00:42:24.170+03:30  WARN 12952 --- [practice_isc] [restartedMain] JpaBaseConfiguration$JpaWebConfiguration : spring.jpa.open-in-view is enabled by default. Therefore, database queries may be performed during view rendering. Explicitly configure spring.jpa.open-in-view to disable this warning
2024-10-30T00:42:24.548+03:30  INFO 12952 --- [practice_isc] [restartedMain] o.s.b.d.a.OptionalLiveReloadServer       : LiveReload server is running on port 35729
2024-10-30T00:42:24.590+03:30  INFO 12952 --- [practice_isc] [restartedMain] o.s.b.w.embedded.tomcat.TomcatWebServer  : Tomcat started on port 8080 (http) with context path '/'
2024-10-30T00:42:24.604+03:30  INFO 12952 --- [practice_isc] [restartedMain] com.practice.PracticeApplication         : Started PracticeApplication in 5.131 seconds (process running for 6.009)
2024-10-30T00:42:40.931+03:30  INFO 12952 --- [practice_isc] [http-nio-8080-exec-1] o.a.c.c.C.[Tomcat].[localhost].[/]       : Initializing Spring DispatcherServlet 'dispatcherServlet'
2024-10-30T00:42:40.931+03:30  INFO 12952 --- [practice_isc] [http-nio-8080-exec-1] o.s.web.servlet.DispatcherServlet        : Initializing Servlet 'dispatcherServlet'
2024-10-30T00:42:40.933+03:30  INFO 12952 --- [practice_isc] [http-nio-8080-exec-1] o.s.web.servlet.DispatcherServlet        : Completed initialization in 2 ms
2024-10-30T00:44:03.989+03:30 ERROR 12952 --- [practice_isc] [http-nio-8080-exec-4] com.practice.service.UserService         : کاربر یافت نشد
2024-10-30T00:44:04.007+03:30  WARN 12952 --- [practice_isc] [http-nio-8080-exec-4] .m.m.a.ExceptionHandlerExceptionResolver : Resolved [com.practice.validations.SpecialException]
2024-10-30T00:46:28.794+03:30  INFO 12952 --- [practice_isc] [SpringApplicationShutdownHook] j.LocalContainerEntityManagerFactoryBean : Closing JPA EntityManagerFactory for persistence unit 'default'
2024-10-30T00:46:28.805+03:30  INFO 12952 --- [practice_isc] [SpringApplicationShutdownHook] com.zaxxer.hikari.HikariDataSource       : HikariPool-1 - Shutdown initiated...
2024-10-30T00:46:28.820+03:30  INFO 12952 --- [practice_isc] [SpringApplicationShutdownHook] com.zaxxer.hikari.HikariDataSource       : HikariPool-1 - Shutdown completed.
2024-10-30T00:46:36.249+03:30  INFO 1800 --- [practice_isc] [restartedMain] com.practice.PracticeApplication         : Starting PracticeApplication using Java 17.0.11 with PID 1800 (F:\LearningSpring\practice_isc\target\classes started by meysam in F:\LearningSpring\practice_isc)
2024-10-30T00:46:36.253+03:30  INFO 1800 --- [practice_isc] [restartedMain] com.practice.PracticeApplication         : No active profile set, falling back to 1 default profile: "default"
2024-10-30T00:46:36.322+03:30  INFO 1800 --- [practice_isc] [restartedMain] .e.DevToolsPropertyDefaultsPostProcessor : Devtools property defaults active! Set 'spring.devtools.add-properties' to 'false' to disable
2024-10-30T00:46:36.323+03:30  INFO 1800 --- [practice_isc] [restartedMain] .e.DevToolsPropertyDefaultsPostProcessor : For additional web related logging consider setting the 'logging.level.web' property to 'DEBUG'
2024-10-30T00:46:37.298+03:30  INFO 1800 --- [practice_isc] [restartedMain] .s.d.r.c.RepositoryConfigurationDelegate : Bootstrapping Spring Data JPA repositories in DEFAULT mode.
2024-10-30T00:46:37.371+03:30  INFO 1800 --- [practice_isc] [restartedMain] .s.d.r.c.RepositoryConfigurationDelegate : Finished Spring Data repository scanning in 63 ms. Found 4 JPA repository interfaces.
2024-10-30T00:46:37.969+03:30  INFO 1800 --- [practice_isc] [restartedMain] o.s.b.w.embedded.tomcat.TomcatWebServer  : Tomcat initialized with port 8080 (http)
2024-10-30T00:46:37.981+03:30  INFO 1800 --- [practice_isc] [restartedMain] o.apache.catalina.core.StandardService   : Starting service [Tomcat]
2024-10-30T00:46:37.982+03:30  INFO 1800 --- [practice_isc] [restartedMain] o.apache.catalina.core.StandardEngine    : Starting Servlet engine: [Apache Tomcat/10.1.31]
2024-10-30T00:46:38.035+03:30  INFO 1800 --- [practice_isc] [restartedMain] o.a.c.c.C.[Tomcat].[localhost].[/]       : Initializing Spring embedded WebApplicationContext
2024-10-30T00:46:38.036+03:30  INFO 1800 --- [practice_isc] [restartedMain] w.s.c.ServletWebServerApplicationContext : Root WebApplicationContext: initialization completed in 1712 ms
2024-10-30T00:46:38.067+03:30  INFO 1800 --- [practice_isc] [restartedMain] com.zaxxer.hikari.HikariDataSource       : HikariPool-1 - Starting...
2024-10-30T00:46:38.137+03:30  INFO 1800 --- [practice_isc] [restartedMain] com.zaxxer.hikari.pool.HikariPool        : HikariPool-1 - Added connection conn0: url=jdbc:h2:tcp://localhost:9092/~/practice user=SA
2024-10-30T00:46:38.139+03:30  INFO 1800 --- [practice_isc] [restartedMain] com.zaxxer.hikari.HikariDataSource       : HikariPool-1 - Start completed.
2024-10-30T00:46:38.149+03:30  INFO 1800 --- [practice_isc] [restartedMain] o.s.b.a.h2.H2ConsoleAutoConfiguration    : H2 console available at '/h2-console'. Database available at 'jdbc:h2:tcp://localhost:9092/~/practice'
2024-10-30T00:46:38.302+03:30  INFO 1800 --- [practice_isc] [restartedMain] o.hibernate.jpa.internal.util.LogHelper  : HHH000204: Processing PersistenceUnitInfo [name: default]
2024-10-30T00:46:38.356+03:30  INFO 1800 --- [practice_isc] [restartedMain] org.hibernate.Version                    : HHH000412: Hibernate ORM core version 6.5.3.Final
2024-10-30T00:46:38.397+03:30  INFO 1800 --- [practice_isc] [restartedMain] o.h.c.internal.RegionFactoryInitiator    : HHH000026: Second-level cache disabled
2024-10-30T00:46:38.726+03:30  INFO 1800 --- [practice_isc] [restartedMain] o.s.o.j.p.SpringPersistenceUnitInfo      : No LoadTimeWeaver setup: ignoring JPA class transformer
2024-10-30T00:46:38.778+03:30  WARN 1800 --- [practice_isc] [restartedMain] org.hibernate.orm.deprecation            : HHH90000025: H2Dialect does not need to be specified explicitly using 'hibernate.dialect' (remove the property setting and it will be selected by default)
2024-10-30T00:46:39.860+03:30  INFO 1800 --- [practice_isc] [restartedMain] o.h.e.t.j.p.i.JtaPlatformInitiator       : HHH000489: No JTA platform available (set 'hibernate.transaction.jta.platform' to enable JTA platform integration)
2024-10-30T00:46:39.915+03:30  INFO 1800 --- [practice_isc] [restartedMain] j.LocalContainerEntityManagerFactoryBean : Initialized JPA EntityManagerFactory for persistence unit 'default'
2024-10-30T00:46:40.389+03:30  WARN 1800 --- [practice_isc] [restartedMain] JpaBaseConfiguration$JpaWebConfiguration : spring.jpa.open-in-view is enabled by default. Therefore, database queries may be performed during view rendering. Explicitly configure spring.jpa.open-in-view to disable this warning
2024-10-30T00:46:40.762+03:30  INFO 1800 --- [practice_isc] [restartedMain] o.s.b.d.a.OptionalLiveReloadServer       : LiveReload server is running on port 35729
2024-10-30T00:46:40.804+03:30  INFO 1800 --- [practice_isc] [restartedMain] o.s.b.w.embedded.tomcat.TomcatWebServer  : Tomcat started on port 8080 (http) with context path '/'
2024-10-30T00:46:40.821+03:30  INFO 1800 --- [practice_isc] [restartedMain] com.practice.PracticeApplication         : Started PracticeApplication in 5.145 seconds (process running for 6.083)
2024-10-30T00:48:14.334+03:30  INFO 1800 --- [practice_isc] [SpringApplicationShutdownHook] j.LocalContainerEntityManagerFactoryBean : Closing JPA EntityManagerFactory for persistence unit 'default'
2024-10-30T00:48:14.342+03:30  INFO 1800 --- [practice_isc] [SpringApplicationShutdownHook] com.zaxxer.hikari.HikariDataSource       : HikariPool-1 - Shutdown initiated...
2024-10-30T00:48:14.355+03:30  INFO 1800 --- [practice_isc] [SpringApplicationShutdownHook] com.zaxxer.hikari.HikariDataSource       : HikariPool-1 - Shutdown completed.
2024-10-30T00:48:21.956+03:30  INFO 15196 --- [practice_isc] [restartedMain] com.practice.PracticeApplication         : Starting PracticeApplication using Java 17.0.11 with PID 15196 (F:\LearningSpring\practice_isc\target\classes started by meysam in F:\LearningSpring\practice_isc)
2024-10-30T00:48:21.959+03:30  INFO 15196 --- [practice_isc] [restartedMain] com.practice.PracticeApplication         : No active profile set, falling back to 1 default profile: "default"
2024-10-30T00:48:22.024+03:30  INFO 15196 --- [practice_isc] [restartedMain] .e.DevToolsPropertyDefaultsPostProcessor : Devtools property defaults active! Set 'spring.devtools.add-properties' to 'false' to disable
2024-10-30T00:48:22.024+03:30  INFO 15196 --- [practice_isc] [restartedMain] .e.DevToolsPropertyDefaultsPostProcessor : For additional web related logging consider setting the 'logging.level.web' property to 'DEBUG'
2024-10-30T00:48:23.063+03:30  INFO 15196 --- [practice_isc] [restartedMain] .s.d.r.c.RepositoryConfigurationDelegate : Bootstrapping Spring Data JPA repositories in DEFAULT mode.
2024-10-30T00:48:23.146+03:30  INFO 15196 --- [practice_isc] [restartedMain] .s.d.r.c.RepositoryConfigurationDelegate : Finished Spring Data repository scanning in 72 ms. Found 4 JPA repository interfaces.
2024-10-30T00:48:23.826+03:30  INFO 15196 --- [practice_isc] [restartedMain] o.s.b.w.embedded.tomcat.TomcatWebServer  : Tomcat initialized with port 8080 (http)
2024-10-30T00:48:23.840+03:30  INFO 15196 --- [practice_isc] [restartedMain] o.apache.catalina.core.StandardService   : Starting service [Tomcat]
2024-10-30T00:48:23.841+03:30  INFO 15196 --- [practice_isc] [restartedMain] o.apache.catalina.core.StandardEngine    : Starting Servlet engine: [Apache Tomcat/10.1.31]
2024-10-30T00:48:23.896+03:30  INFO 15196 --- [practice_isc] [restartedMain] o.a.c.c.C.[Tomcat].[localhost].[/]       : Initializing Spring embedded WebApplicationContext
2024-10-30T00:48:23.896+03:30  INFO 15196 --- [practice_isc] [restartedMain] w.s.c.ServletWebServerApplicationContext : Root WebApplicationContext: initialization completed in 1871 ms
2024-10-30T00:48:23.929+03:30  INFO 15196 --- [practice_isc] [restartedMain] com.zaxxer.hikari.HikariDataSource       : HikariPool-1 - Starting...
2024-10-30T00:48:24.001+03:30  INFO 15196 --- [practice_isc] [restartedMain] com.zaxxer.hikari.pool.HikariPool        : HikariPool-1 - Added connection conn0: url=jdbc:h2:tcp://localhost:9092/~/practice user=SA
2024-10-30T00:48:24.003+03:30  INFO 15196 --- [practice_isc] [restartedMain] com.zaxxer.hikari.HikariDataSource       : HikariPool-1 - Start completed.
2024-10-30T00:48:24.014+03:30  INFO 15196 --- [practice_isc] [restartedMain] o.s.b.a.h2.H2ConsoleAutoConfiguration    : H2 console available at '/h2-console'. Database available at 'jdbc:h2:tcp://localhost:9092/~/practice'
2024-10-30T00:48:24.172+03:30  INFO 15196 --- [practice_isc] [restartedMain] o.hibernate.jpa.internal.util.LogHelper  : HHH000204: Processing PersistenceUnitInfo [name: default]
2024-10-30T00:48:24.226+03:30  INFO 15196 --- [practice_isc] [restartedMain] org.hibernate.Version                    : HHH000412: Hibernate ORM core version 6.5.3.Final
2024-10-30T00:48:24.260+03:30  INFO 15196 --- [practice_isc] [restartedMain] o.h.c.internal.RegionFactoryInitiator    : HHH000026: Second-level cache disabled
2024-10-30T00:48:24.605+03:30  INFO 15196 --- [practice_isc] [restartedMain] o.s.o.j.p.SpringPersistenceUnitInfo      : No LoadTimeWeaver setup: ignoring JPA class transformer
2024-10-30T00:48:24.707+03:30  WARN 15196 --- [practice_isc] [restartedMain] org.hibernate.orm.deprecation            : HHH90000025: H2Dialect does not need to be specified explicitly using 'hibernate.dialect' (remove the property setting and it will be selected by default)
2024-10-30T00:48:25.835+03:30  INFO 15196 --- [practice_isc] [restartedMain] o.h.e.t.j.p.i.JtaPlatformInitiator       : HHH000489: No JTA platform available (set 'hibernate.transaction.jta.platform' to enable JTA platform integration)
2024-10-30T00:48:25.890+03:30  INFO 15196 --- [practice_isc] [restartedMain] j.LocalContainerEntityManagerFactoryBean : Initialized JPA EntityManagerFactory for persistence unit 'default'
2024-10-30T00:48:26.376+03:30  WARN 15196 --- [practice_isc] [restartedMain] JpaBaseConfiguration$JpaWebConfiguration : spring.jpa.open-in-view is enabled by default. Therefore, database queries may be performed during view rendering. Explicitly configure spring.jpa.open-in-view to disable this warning
2024-10-30T00:48:26.753+03:30  INFO 15196 --- [practice_isc] [restartedMain] o.s.b.d.a.OptionalLiveReloadServer       : LiveReload server is running on port 35729
2024-10-30T00:48:26.806+03:30  INFO 15196 --- [practice_isc] [restartedMain] o.s.b.w.embedded.tomcat.TomcatWebServer  : Tomcat started on port 8080 (http) with context path '/'
2024-10-30T00:48:26.820+03:30  INFO 15196 --- [practice_isc] [restartedMain] com.practice.PracticeApplication         : Started PracticeApplication in 5.413 seconds (process running for 6.477)
2024-10-30T00:48:57.492+03:30  INFO 15196 --- [practice_isc] [http-nio-8080-exec-1] o.a.c.c.C.[Tomcat].[localhost].[/]       : Initializing Spring DispatcherServlet 'dispatcherServlet'
2024-10-30T00:48:57.492+03:30  INFO 15196 --- [practice_isc] [http-nio-8080-exec-1] o.s.web.servlet.DispatcherServlet        : Initializing Servlet 'dispatcherServlet'
2024-10-30T00:48:57.493+03:30  INFO 15196 --- [practice_isc] [http-nio-8080-exec-1] o.s.web.servlet.DispatcherServlet        : Completed initialization in 1 ms
2024-10-30T00:49:32.349+03:30  INFO 15196 --- [practice_isc] [SpringApplicationShutdownHook] j.LocalContainerEntityManagerFactoryBean : Closing JPA EntityManagerFactory for persistence unit 'default'
2024-10-30T00:49:32.353+03:30  INFO 15196 --- [practice_isc] [SpringApplicationShutdownHook] com.zaxxer.hikari.HikariDataSource       : HikariPool-1 - Shutdown initiated...
2024-10-30T00:49:32.362+03:30  INFO 15196 --- [practice_isc] [SpringApplicationShutdownHook] com.zaxxer.hikari.HikariDataSource       : HikariPool-1 - Shutdown completed.
